{"/Users/rajugharti/Desktop/Hack-Reactor/Sprints/FEC/projCatWalk/server/apiCalls.js": {"path":"/Users/rajugharti/Desktop/Hack-Reactor/Sprints/FEC/projCatWalk/server/apiCalls.js","statementMap":{"0":{"start":{"line":1,"column":14},"end":{"line":1,"column":30}},"1":{"start":{"line":3,"column":23},"end":{"line":6,"column":2}},"2":{"start":{"line":3,"column":38},"end":{"line":6,"column":2}},"3":{"start":{"line":8,"column":25},"end":{"line":11,"column":2}},"4":{"start":{"line":8,"column":40},"end":{"line":11,"column":2}},"5":{"start":{"line":13,"column":29},"end":{"line":16,"column":2}},"6":{"start":{"line":13,"column":44},"end":{"line":16,"column":2}},"7":{"start":{"line":18,"column":26},"end":{"line":21,"column":2}},"8":{"start":{"line":18,"column":41},"end":{"line":21,"column":2}},"9":{"start":{"line":23,"column":21},"end":{"line":26,"column":2}},"10":{"start":{"line":23,"column":36},"end":{"line":26,"column":2}},"11":{"start":{"line":28,"column":23},"end":{"line":39,"column":2}},"12":{"start":{"line":28,"column":33},"end":{"line":39,"column":2}},"13":{"start":{"line":41,"column":17},"end":{"line":46,"column":2}},"14":{"start":{"line":41,"column":25},"end":{"line":46,"column":2}},"15":{"start":{"line":48,"column":23},"end":{"line":53,"column":2}},"16":{"start":{"line":48,"column":31},"end":{"line":53,"column":2}},"17":{"start":{"line":55,"column":23},"end":{"line":60,"column":2}},"18":{"start":{"line":55,"column":31},"end":{"line":60,"column":2}},"19":{"start":{"line":62,"column":21},"end":{"line":67,"column":2}},"20":{"start":{"line":62,"column":29},"end":{"line":67,"column":2}},"21":{"start":{"line":68,"column":18},"end":{"line":80,"column":2}},"22":{"start":{"line":68,"column":28},"end":{"line":80,"column":2}},"23":{"start":{"line":78,"column":38},"end":{"line":78,"column":41}},"24":{"start":{"line":82,"column":16},"end":{"line":85,"column":2}},"25":{"start":{"line":82,"column":22},"end":{"line":85,"column":2}},"26":{"start":{"line":88,"column":18},"end":{"line":96,"column":2}},"27":{"start":{"line":88,"column":29},"end":{"line":96,"column":2}},"28":{"start":{"line":98,"column":28},"end":{"line":102,"column":4}},"29":{"start":{"line":98,"column":36},"end":{"line":102,"column":4}},"30":{"start":{"line":104,"column":0},"end":{"line":104,"column":37}},"31":{"start":{"line":105,"column":0},"end":{"line":105,"column":43}},"32":{"start":{"line":106,"column":0},"end":{"line":106,"column":47}},"33":{"start":{"line":107,"column":0},"end":{"line":107,"column":47}},"34":{"start":{"line":108,"column":0},"end":{"line":108,"column":35}},"35":{"start":{"line":109,"column":0},"end":{"line":109,"column":47}},"36":{"start":{"line":110,"column":0},"end":{"line":110,"column":43}},"37":{"start":{"line":111,"column":0},"end":{"line":111,"column":47}},"38":{"start":{"line":112,"column":0},"end":{"line":112,"column":43}},"39":{"start":{"line":113,"column":0},"end":{"line":113,"column":57}},"40":{"start":{"line":114,"column":0},"end":{"line":114,"column":47}},"41":{"start":{"line":115,"column":0},"end":{"line":115,"column":51}},"42":{"start":{"line":116,"column":0},"end":{"line":116,"column":59}},"43":{"start":{"line":117,"column":0},"end":{"line":117,"column":53}},"44":{"start":{"line":118,"column":0},"end":{"line":118,"column":33}},"45":{"start":{"line":119,"column":0},"end":{"line":119,"column":37}}},"fnMap":{"0":{"name":"(anonymous_0)","decl":{"start":{"line":3,"column":23},"end":{"line":3,"column":24}},"loc":{"start":{"line":3,"column":38},"end":{"line":6,"column":2}},"line":3},"1":{"name":"(anonymous_1)","decl":{"start":{"line":8,"column":25},"end":{"line":8,"column":26}},"loc":{"start":{"line":8,"column":40},"end":{"line":11,"column":2}},"line":8},"2":{"name":"(anonymous_2)","decl":{"start":{"line":13,"column":29},"end":{"line":13,"column":30}},"loc":{"start":{"line":13,"column":44},"end":{"line":16,"column":2}},"line":13},"3":{"name":"(anonymous_3)","decl":{"start":{"line":18,"column":26},"end":{"line":18,"column":27}},"loc":{"start":{"line":18,"column":41},"end":{"line":21,"column":2}},"line":18},"4":{"name":"(anonymous_4)","decl":{"start":{"line":23,"column":21},"end":{"line":23,"column":22}},"loc":{"start":{"line":23,"column":36},"end":{"line":26,"column":2}},"line":23},"5":{"name":"(anonymous_5)","decl":{"start":{"line":28,"column":23},"end":{"line":28,"column":24}},"loc":{"start":{"line":28,"column":33},"end":{"line":39,"column":2}},"line":28},"6":{"name":"(anonymous_6)","decl":{"start":{"line":41,"column":17},"end":{"line":41,"column":18}},"loc":{"start":{"line":41,"column":25},"end":{"line":46,"column":2}},"line":41},"7":{"name":"(anonymous_7)","decl":{"start":{"line":48,"column":23},"end":{"line":48,"column":24}},"loc":{"start":{"line":48,"column":31},"end":{"line":53,"column":2}},"line":48},"8":{"name":"(anonymous_8)","decl":{"start":{"line":55,"column":23},"end":{"line":55,"column":24}},"loc":{"start":{"line":55,"column":31},"end":{"line":60,"column":2}},"line":55},"9":{"name":"(anonymous_9)","decl":{"start":{"line":62,"column":21},"end":{"line":62,"column":22}},"loc":{"start":{"line":62,"column":29},"end":{"line":67,"column":2}},"line":62},"10":{"name":"(anonymous_10)","decl":{"start":{"line":68,"column":18},"end":{"line":68,"column":19}},"loc":{"start":{"line":68,"column":28},"end":{"line":80,"column":2}},"line":68},"11":{"name":"(anonymous_11)","decl":{"start":{"line":78,"column":28},"end":{"line":78,"column":29}},"loc":{"start":{"line":78,"column":38},"end":{"line":78,"column":41}},"line":78},"12":{"name":"(anonymous_12)","decl":{"start":{"line":82,"column":16},"end":{"line":82,"column":17}},"loc":{"start":{"line":82,"column":22},"end":{"line":85,"column":2}},"line":82},"13":{"name":"(anonymous_13)","decl":{"start":{"line":88,"column":18},"end":{"line":88,"column":19}},"loc":{"start":{"line":88,"column":29},"end":{"line":96,"column":2}},"line":88},"14":{"name":"(anonymous_14)","decl":{"start":{"line":98,"column":28},"end":{"line":98,"column":29}},"loc":{"start":{"line":98,"column":36},"end":{"line":102,"column":4}},"line":98}},"branchMap":{},"s":{"0":1,"1":1,"2":3,"3":1,"4":3,"5":1,"6":3,"7":1,"8":3,"9":1,"10":0,"11":1,"12":0,"13":1,"14":0,"15":1,"16":0,"17":1,"18":0,"19":1,"20":0,"21":1,"22":0,"23":0,"24":1,"25":0,"26":1,"27":0,"28":1,"29":0,"30":1,"31":1,"32":1,"33":1,"34":1,"35":1,"36":1,"37":1,"38":1,"39":1,"40":1,"41":1,"42":1,"43":1,"44":1,"45":1},"f":{"0":3,"1":3,"2":3,"3":3,"4":0,"5":0,"6":0,"7":0,"8":0,"9":0,"10":0,"11":0,"12":0,"13":0,"14":0},"b":{},"_coverageSchema":"1a1c01bbd47fc00a2c39e90264f33305004495a9","hash":"5168d74f0eb50334a1c912beefc3839d1a7f7dc0"}
,"/Users/rajugharti/Desktop/Hack-Reactor/Sprints/FEC/projCatWalk/server/app.js": {"path":"/Users/rajugharti/Desktop/Hack-Reactor/Sprints/FEC/projCatWalk/server/app.js","statementMap":{"0":{"start":{"line":1,"column":0},"end":{"line":1,"column":27}},"1":{"start":{"line":2,"column":16},"end":{"line":2,"column":34}},"2":{"start":{"line":3,"column":13},"end":{"line":3,"column":28}},"3":{"start":{"line":4,"column":15},"end":{"line":4,"column":32}},"4":{"start":{"line":6,"column":12},"end":{"line":6,"column":33}},"5":{"start":{"line":8,"column":24},"end":{"line":8,"column":62}},"6":{"start":{"line":10,"column":12},"end":{"line":10,"column":21}},"7":{"start":{"line":11,"column":0},"end":{"line":11,"column":24}},"8":{"start":{"line":12,"column":0},"end":{"line":12,"column":59}},"9":{"start":{"line":14,"column":0},"end":{"line":16,"column":1}},"10":{"start":{"line":15,"column":2},"end":{"line":15,"column":25}},"11":{"start":{"line":17,"column":0},"end":{"line":19,"column":1}},"12":{"start":{"line":18,"column":2},"end":{"line":18,"column":26}},"13":{"start":{"line":21,"column":0},"end":{"line":23,"column":3}},"14":{"start":{"line":22,"column":2},"end":{"line":22,"column":24}},"15":{"start":{"line":25,"column":0},"end":{"line":37,"column":3}},"16":{"start":{"line":26,"column":24},"end":{"line":26,"column":34}},"17":{"start":{"line":27,"column":2},"end":{"line":36,"column":47}},"18":{"start":{"line":33,"column":23},"end":{"line":33,"column":59}},"19":{"start":{"line":33,"column":47},"end":{"line":33,"column":58}},"20":{"start":{"line":34,"column":23},"end":{"line":34,"column":57}},"21":{"start":{"line":35,"column":26},"end":{"line":35,"column":52}},"22":{"start":{"line":36,"column":20},"end":{"line":36,"column":45}},"23":{"start":{"line":39,"column":0},"end":{"line":44,"column":3}},"24":{"start":{"line":40,"column":24},"end":{"line":40,"column":34}},"25":{"start":{"line":41,"column":2},"end":{"line":43,"column":47}},"26":{"start":{"line":42,"column":23},"end":{"line":42,"column":51}},"27":{"start":{"line":43,"column":20},"end":{"line":43,"column":45}},"28":{"start":{"line":46,"column":0},"end":{"line":56,"column":3}},"29":{"start":{"line":47,"column":19},"end":{"line":47,"column":22}},"30":{"start":{"line":49,"column":2},"end":{"line":55,"column":7}},"31":{"start":{"line":50,"column":23},"end":{"line":50,"column":45}},"32":{"start":{"line":52,"column":6},"end":{"line":54,"column":7}},"33":{"start":{"line":53,"column":8},"end":{"line":53,"column":25}},"34":{"start":{"line":57,"column":0},"end":{"line":61,"column":3}},"35":{"start":{"line":58,"column":2},"end":{"line":60,"column":38}},"36":{"start":{"line":59,"column":24},"end":{"line":59,"column":47}},"37":{"start":{"line":60,"column":20},"end":{"line":60,"column":36}},"38":{"start":{"line":63,"column":0},"end":{"line":67,"column":3}},"39":{"start":{"line":64,"column":2},"end":{"line":66,"column":38}},"40":{"start":{"line":65,"column":24},"end":{"line":65,"column":47}},"41":{"start":{"line":66,"column":20},"end":{"line":66,"column":36}},"42":{"start":{"line":68,"column":0},"end":{"line":72,"column":3}},"43":{"start":{"line":69,"column":2},"end":{"line":71,"column":38}},"44":{"start":{"line":70,"column":24},"end":{"line":70,"column":47}},"45":{"start":{"line":71,"column":20},"end":{"line":71,"column":36}},"46":{"start":{"line":73,"column":0},"end":{"line":77,"column":3}},"47":{"start":{"line":74,"column":2},"end":{"line":76,"column":38}},"48":{"start":{"line":75,"column":24},"end":{"line":75,"column":47}},"49":{"start":{"line":76,"column":20},"end":{"line":76,"column":36}},"50":{"start":{"line":79,"column":0},"end":{"line":88,"column":3}},"51":{"start":{"line":80,"column":19},"end":{"line":80,"column":22}},"52":{"start":{"line":81,"column":2},"end":{"line":87,"column":7}},"53":{"start":{"line":82,"column":24},"end":{"line":82,"column":47}},"54":{"start":{"line":84,"column":6},"end":{"line":86,"column":7}},"55":{"start":{"line":85,"column":8},"end":{"line":85,"column":25}},"56":{"start":{"line":91,"column":0},"end":{"line":96,"column":3}},"57":{"start":{"line":92,"column":18},"end":{"line":92,"column":26}},"58":{"start":{"line":93,"column":2},"end":{"line":95,"column":47}},"59":{"start":{"line":94,"column":16},"end":{"line":94,"column":41}},"60":{"start":{"line":95,"column":20},"end":{"line":95,"column":45}},"61":{"start":{"line":98,"column":0},"end":{"line":108,"column":3}},"62":{"start":{"line":99,"column":17},"end":{"line":99,"column":27}},"63":{"start":{"line":100,"column":2},"end":{"line":107,"column":7}},"64":{"start":{"line":102,"column":6},"end":{"line":102,"column":32}},"65":{"start":{"line":105,"column":6},"end":{"line":105,"column":23}},"66":{"start":{"line":106,"column":6},"end":{"line":106,"column":26}},"67":{"start":{"line":110,"column":0},"end":{"line":115,"column":3}},"68":{"start":{"line":111,"column":24},"end":{"line":111,"column":34}},"69":{"start":{"line":112,"column":2},"end":{"line":114,"column":47}},"70":{"start":{"line":113,"column":23},"end":{"line":113,"column":51}},"71":{"start":{"line":114,"column":20},"end":{"line":114,"column":45}},"72":{"start":{"line":117,"column":0},"end":{"line":121,"column":3}},"73":{"start":{"line":118,"column":2},"end":{"line":120,"column":47}},"74":{"start":{"line":119,"column":30},"end":{"line":119,"column":44}},"75":{"start":{"line":120,"column":20},"end":{"line":120,"column":45}},"76":{"start":{"line":123,"column":0},"end":{"line":123,"column":21}}},"fnMap":{"0":{"name":"(anonymous_0)","decl":{"start":{"line":21,"column":17},"end":{"line":21,"column":18}},"loc":{"start":{"line":21,"column":31},"end":{"line":23,"column":1}},"line":21},"1":{"name":"(anonymous_1)","decl":{"start":{"line":25,"column":39},"end":{"line":25,"column":40}},"loc":{"start":{"line":25,"column":53},"end":{"line":37,"column":1}},"line":25},"2":{"name":"(anonymous_2)","decl":{"start":{"line":33,"column":10},"end":{"line":33,"column":11}},"loc":{"start":{"line":33,"column":23},"end":{"line":33,"column":59}},"line":33},"3":{"name":"(anonymous_3)","decl":{"start":{"line":33,"column":35},"end":{"line":33,"column":36}},"loc":{"start":{"line":33,"column":47},"end":{"line":33,"column":58}},"line":33},"4":{"name":"(anonymous_4)","decl":{"start":{"line":34,"column":10},"end":{"line":34,"column":11}},"loc":{"start":{"line":34,"column":23},"end":{"line":34,"column":57}},"line":34},"5":{"name":"(anonymous_5)","decl":{"start":{"line":35,"column":10},"end":{"line":35,"column":11}},"loc":{"start":{"line":35,"column":26},"end":{"line":35,"column":52}},"line":35},"6":{"name":"(anonymous_6)","decl":{"start":{"line":36,"column":11},"end":{"line":36,"column":12}},"loc":{"start":{"line":36,"column":20},"end":{"line":36,"column":45}},"line":36},"7":{"name":"(anonymous_7)","decl":{"start":{"line":39,"column":26},"end":{"line":39,"column":27}},"loc":{"start":{"line":39,"column":40},"end":{"line":44,"column":1}},"line":39},"8":{"name":"(anonymous_8)","decl":{"start":{"line":42,"column":10},"end":{"line":42,"column":11}},"loc":{"start":{"line":42,"column":23},"end":{"line":42,"column":51}},"line":42},"9":{"name":"(anonymous_9)","decl":{"start":{"line":43,"column":11},"end":{"line":43,"column":12}},"loc":{"start":{"line":43,"column":20},"end":{"line":43,"column":45}},"line":43},"10":{"name":"(anonymous_10)","decl":{"start":{"line":46,"column":27},"end":{"line":46,"column":28}},"loc":{"start":{"line":46,"column":41},"end":{"line":56,"column":1}},"line":46},"11":{"name":"(anonymous_11)","decl":{"start":{"line":50,"column":10},"end":{"line":50,"column":11}},"loc":{"start":{"line":50,"column":23},"end":{"line":50,"column":45}},"line":50},"12":{"name":"(anonymous_12)","decl":{"start":{"line":51,"column":11},"end":{"line":51,"column":12}},"loc":{"start":{"line":51,"column":20},"end":{"line":55,"column":5}},"line":51},"13":{"name":"(anonymous_13)","decl":{"start":{"line":57,"column":23},"end":{"line":57,"column":24}},"loc":{"start":{"line":57,"column":37},"end":{"line":61,"column":1}},"line":57},"14":{"name":"(anonymous_14)","decl":{"start":{"line":59,"column":10},"end":{"line":59,"column":11}},"loc":{"start":{"line":59,"column":24},"end":{"line":59,"column":47}},"line":59},"15":{"name":"(anonymous_15)","decl":{"start":{"line":60,"column":11},"end":{"line":60,"column":12}},"loc":{"start":{"line":60,"column":20},"end":{"line":60,"column":36}},"line":60},"16":{"name":"(anonymous_16)","decl":{"start":{"line":63,"column":30},"end":{"line":63,"column":31}},"loc":{"start":{"line":63,"column":44},"end":{"line":67,"column":1}},"line":63},"17":{"name":"(anonymous_17)","decl":{"start":{"line":65,"column":10},"end":{"line":65,"column":11}},"loc":{"start":{"line":65,"column":24},"end":{"line":65,"column":47}},"line":65},"18":{"name":"(anonymous_18)","decl":{"start":{"line":66,"column":11},"end":{"line":66,"column":12}},"loc":{"start":{"line":66,"column":20},"end":{"line":66,"column":36}},"line":66},"19":{"name":"(anonymous_19)","decl":{"start":{"line":68,"column":32},"end":{"line":68,"column":33}},"loc":{"start":{"line":68,"column":46},"end":{"line":72,"column":1}},"line":68},"20":{"name":"(anonymous_20)","decl":{"start":{"line":70,"column":10},"end":{"line":70,"column":11}},"loc":{"start":{"line":70,"column":24},"end":{"line":70,"column":47}},"line":70},"21":{"name":"(anonymous_21)","decl":{"start":{"line":71,"column":11},"end":{"line":71,"column":12}},"loc":{"start":{"line":71,"column":20},"end":{"line":71,"column":36}},"line":71},"22":{"name":"(anonymous_22)","decl":{"start":{"line":73,"column":30},"end":{"line":73,"column":31}},"loc":{"start":{"line":73,"column":44},"end":{"line":77,"column":1}},"line":73},"23":{"name":"(anonymous_23)","decl":{"start":{"line":75,"column":10},"end":{"line":75,"column":11}},"loc":{"start":{"line":75,"column":24},"end":{"line":75,"column":47}},"line":75},"24":{"name":"(anonymous_24)","decl":{"start":{"line":76,"column":11},"end":{"line":76,"column":12}},"loc":{"start":{"line":76,"column":20},"end":{"line":76,"column":36}},"line":76},"25":{"name":"(anonymous_25)","decl":{"start":{"line":79,"column":47},"end":{"line":79,"column":48}},"loc":{"start":{"line":79,"column":61},"end":{"line":88,"column":1}},"line":79},"26":{"name":"(anonymous_26)","decl":{"start":{"line":82,"column":10},"end":{"line":82,"column":11}},"loc":{"start":{"line":82,"column":24},"end":{"line":82,"column":47}},"line":82},"27":{"name":"(anonymous_27)","decl":{"start":{"line":83,"column":11},"end":{"line":83,"column":12}},"loc":{"start":{"line":83,"column":20},"end":{"line":87,"column":5}},"line":83},"28":{"name":"(anonymous_28)","decl":{"start":{"line":91,"column":34},"end":{"line":91,"column":35}},"loc":{"start":{"line":91,"column":48},"end":{"line":96,"column":1}},"line":91},"29":{"name":"(anonymous_29)","decl":{"start":{"line":94,"column":10},"end":{"line":94,"column":11}},"loc":{"start":{"line":94,"column":16},"end":{"line":94,"column":41}},"line":94},"30":{"name":"(anonymous_30)","decl":{"start":{"line":95,"column":11},"end":{"line":95,"column":12}},"loc":{"start":{"line":95,"column":20},"end":{"line":95,"column":45}},"line":95},"31":{"name":"(anonymous_31)","decl":{"start":{"line":98,"column":33},"end":{"line":98,"column":34}},"loc":{"start":{"line":98,"column":47},"end":{"line":108,"column":1}},"line":98},"32":{"name":"(anonymous_32)","decl":{"start":{"line":101,"column":10},"end":{"line":101,"column":11}},"loc":{"start":{"line":101,"column":26},"end":{"line":103,"column":5}},"line":101},"33":{"name":"(anonymous_33)","decl":{"start":{"line":104,"column":11},"end":{"line":104,"column":12}},"loc":{"start":{"line":104,"column":20},"end":{"line":107,"column":5}},"line":104},"34":{"name":"(anonymous_34)","decl":{"start":{"line":110,"column":31},"end":{"line":110,"column":32}},"loc":{"start":{"line":110,"column":45},"end":{"line":115,"column":1}},"line":110},"35":{"name":"(anonymous_35)","decl":{"start":{"line":113,"column":10},"end":{"line":113,"column":11}},"loc":{"start":{"line":113,"column":23},"end":{"line":113,"column":51}},"line":113},"36":{"name":"(anonymous_36)","decl":{"start":{"line":114,"column":11},"end":{"line":114,"column":12}},"loc":{"start":{"line":114,"column":20},"end":{"line":114,"column":45}},"line":114},"37":{"name":"(anonymous_37)","decl":{"start":{"line":117,"column":17},"end":{"line":117,"column":18}},"loc":{"start":{"line":117,"column":31},"end":{"line":121,"column":1}},"line":117},"38":{"name":"(anonymous_38)","decl":{"start":{"line":119,"column":10},"end":{"line":119,"column":11}},"loc":{"start":{"line":119,"column":30},"end":{"line":119,"column":44}},"line":119},"39":{"name":"(anonymous_39)","decl":{"start":{"line":120,"column":11},"end":{"line":120,"column":12}},"loc":{"start":{"line":120,"column":20},"end":{"line":120,"column":45}},"line":120}},"branchMap":{"0":{"loc":{"start":{"line":14,"column":0},"end":{"line":16,"column":1}},"type":"if","locations":[{"start":{"line":14,"column":0},"end":{"line":16,"column":1}},{"start":{"line":14,"column":0},"end":{"line":16,"column":1}}],"line":14},"1":{"loc":{"start":{"line":17,"column":0},"end":{"line":19,"column":1}},"type":"if","locations":[{"start":{"line":17,"column":0},"end":{"line":19,"column":1}},{"start":{"line":17,"column":0},"end":{"line":19,"column":1}}],"line":17},"2":{"loc":{"start":{"line":52,"column":6},"end":{"line":54,"column":7}},"type":"if","locations":[{"start":{"line":52,"column":6},"end":{"line":54,"column":7}},{"start":{"line":52,"column":6},"end":{"line":54,"column":7}}],"line":52},"3":{"loc":{"start":{"line":84,"column":6},"end":{"line":86,"column":7}},"type":"if","locations":[{"start":{"line":84,"column":6},"end":{"line":86,"column":7}},{"start":{"line":84,"column":6},"end":{"line":86,"column":7}}],"line":84}},"s":{"0":1,"1":1,"2":1,"3":1,"4":1,"5":1,"6":1,"7":1,"8":1,"9":1,"10":0,"11":1,"12":0,"13":1,"14":1,"15":1,"16":3,"17":3,"18":2,"19":8,"20":2,"21":2,"22":1,"23":1,"24":0,"25":0,"26":0,"27":0,"28":1,"29":0,"30":0,"31":0,"32":0,"33":0,"34":1,"35":0,"36":0,"37":0,"38":1,"39":0,"40":0,"41":0,"42":1,"43":0,"44":0,"45":0,"46":1,"47":0,"48":0,"49":0,"50":1,"51":0,"52":0,"53":0,"54":0,"55":0,"56":1,"57":0,"58":0,"59":0,"60":0,"61":1,"62":0,"63":0,"64":0,"65":0,"66":0,"67":1,"68":0,"69":0,"70":0,"71":0,"72":1,"73":0,"74":0,"75":0,"76":1},"f":{"0":1,"1":3,"2":2,"3":8,"4":2,"5":2,"6":1,"7":0,"8":0,"9":0,"10":0,"11":0,"12":0,"13":0,"14":0,"15":0,"16":0,"17":0,"18":0,"19":0,"20":0,"21":0,"22":0,"23":0,"24":0,"25":0,"26":0,"27":0,"28":0,"29":0,"30":0,"31":0,"32":0,"33":0,"34":0,"35":0,"36":0,"37":0,"38":0,"39":0},"b":{"0":[0,1],"1":[0,1],"2":[0,0],"3":[0,0]},"_coverageSchema":"1a1c01bbd47fc00a2c39e90264f33305004495a9","hash":"c59cfa2cd49cd6d7ebd435a124413ba2b0d632c3"}
,"/Users/rajugharti/Desktop/Hack-Reactor/Sprints/FEC/projCatWalk/server/productOverviewHelpers.js": {"path":"/Users/rajugharti/Desktop/Hack-Reactor/Sprints/FEC/projCatWalk/server/productOverviewHelpers.js","statementMap":{"0":{"start":{"line":1,"column":22},"end":{"line":16,"column":1}},"1":{"start":{"line":2,"column":2},"end":{"line":4,"column":3}},"2":{"start":{"line":3,"column":4},"end":{"line":3,"column":13}},"3":{"start":{"line":5,"column":23},"end":{"line":5,"column":46}},"4":{"start":{"line":6,"column":23},"end":{"line":6,"column":48}},"5":{"start":{"line":7,"column":2},"end":{"line":9,"column":3}},"6":{"start":{"line":8,"column":4},"end":{"line":8,"column":13}},"7":{"start":{"line":10,"column":23},"end":{"line":10,"column":24}},"8":{"start":{"line":11,"column":2},"end":{"line":13,"column":5}},"9":{"start":{"line":12,"column":4},"end":{"line":12,"column":52}},"10":{"start":{"line":14,"column":23},"end":{"line":14,"column":94}},"11":{"start":{"line":14,"column":65},"end":{"line":14,"column":90}},"12":{"start":{"line":15,"column":2},"end":{"line":15,"column":52}},"13":{"start":{"line":18,"column":18},"end":{"line":29,"column":2}},"14":{"start":{"line":18,"column":32},"end":{"line":29,"column":1}},"15":{"start":{"line":31,"column":0},"end":{"line":31,"column":37}},"16":{"start":{"line":32,"column":0},"end":{"line":32,"column":45}}},"fnMap":{"0":{"name":"(anonymous_0)","decl":{"start":{"line":1,"column":22},"end":{"line":1,"column":23}},"loc":{"start":{"line":1,"column":38},"end":{"line":16,"column":1}},"line":1},"1":{"name":"(anonymous_1)","decl":{"start":{"line":11,"column":23},"end":{"line":11,"column":24}},"loc":{"start":{"line":11,"column":43},"end":{"line":13,"column":3}},"line":11},"2":{"name":"(anonymous_2)","decl":{"start":{"line":14,"column":43},"end":{"line":14,"column":44}},"loc":{"start":{"line":14,"column":65},"end":{"line":14,"column":90}},"line":14},"3":{"name":"(anonymous_3)","decl":{"start":{"line":18,"column":18},"end":{"line":18,"column":19}},"loc":{"start":{"line":18,"column":32},"end":{"line":29,"column":1}},"line":18}},"branchMap":{"0":{"loc":{"start":{"line":2,"column":2},"end":{"line":4,"column":3}},"type":"if","locations":[{"start":{"line":2,"column":2},"end":{"line":4,"column":3}},{"start":{"line":2,"column":2},"end":{"line":4,"column":3}}],"line":2},"1":{"loc":{"start":{"line":2,"column":6},"end":{"line":2,"column":72}},"type":"binary-expr","locations":[{"start":{"line":2,"column":6},"end":{"line":2,"column":30}},{"start":{"line":2,"column":34},"end":{"line":2,"column":72}}],"line":2},"2":{"loc":{"start":{"line":7,"column":2},"end":{"line":9,"column":3}},"type":"if","locations":[{"start":{"line":7,"column":2},"end":{"line":9,"column":3}},{"start":{"line":7,"column":2},"end":{"line":9,"column":3}}],"line":7},"3":{"loc":{"start":{"line":21,"column":12},"end":{"line":21,"column":39}},"type":"binary-expr","locations":[{"start":{"line":21,"column":12},"end":{"line":21,"column":31}},{"start":{"line":21,"column":35},"end":{"line":21,"column":39}}],"line":21},"4":{"loc":{"start":{"line":22,"column":17},"end":{"line":22,"column":49}},"type":"binary-expr","locations":[{"start":{"line":22,"column":17},"end":{"line":22,"column":41}},{"start":{"line":22,"column":45},"end":{"line":22,"column":49}}],"line":22},"5":{"loc":{"start":{"line":23,"column":10},"end":{"line":23,"column":35}},"type":"binary-expr","locations":[{"start":{"line":23,"column":10},"end":{"line":23,"column":27}},{"start":{"line":23,"column":31},"end":{"line":23,"column":35}}],"line":23},"6":{"loc":{"start":{"line":24,"column":15},"end":{"line":24,"column":45}},"type":"binary-expr","locations":[{"start":{"line":24,"column":15},"end":{"line":24,"column":37}},{"start":{"line":24,"column":41},"end":{"line":24,"column":45}}],"line":24},"7":{"loc":{"start":{"line":26,"column":13},"end":{"line":26,"column":63}},"type":"binary-expr","locations":[{"start":{"line":26,"column":13},"end":{"line":26,"column":57}},{"start":{"line":26,"column":61},"end":{"line":26,"column":63}}],"line":26},"8":{"loc":{"start":{"line":27,"column":14},"end":{"line":27,"column":44}},"type":"binary-expr","locations":[{"start":{"line":27,"column":14},"end":{"line":27,"column":39}},{"start":{"line":27,"column":43},"end":{"line":27,"column":44}}],"line":27},"9":{"loc":{"start":{"line":28,"column":10},"end":{"line":28,"column":36}},"type":"binary-expr","locations":[{"start":{"line":28,"column":10},"end":{"line":28,"column":28}},{"start":{"line":28,"column":32},"end":{"line":28,"column":36}}],"line":28}},"s":{"0":2,"1":7,"2":1,"3":6,"4":6,"5":6,"6":2,"7":4,"8":4,"9":18,"10":4,"11":18,"12":4,"13":2,"14":4,"15":2,"16":2},"f":{"0":7,"1":18,"2":18,"3":4},"b":{"0":[1,6],"1":[7,7],"2":[2,4],"3":[4,1],"4":[4,1],"5":[4,1],"6":[4,1],"7":[4,0],"8":[4,1],"9":[4,1]},"_coverageSchema":"1a1c01bbd47fc00a2c39e90264f33305004495a9","hash":"2ad4faa93363639f36833c52cdd6320518c72123"}
,"/Users/rajugharti/Desktop/Hack-Reactor/Sprints/FEC/projCatWalk/src/components/related-items-comparison/Modal.jsx": {"path":"/Users/rajugharti/Desktop/Hack-Reactor/Sprints/FEC/projCatWalk/src/components/related-items-comparison/Modal.jsx","statementMap":{"0":{"start":{"line":7,"column":14},"end":{"line":74,"column":1}},"1":{"start":{"line":9,"column":36},"end":{"line":9,"column":50}},"2":{"start":{"line":11,"column":27},"end":{"line":14,"column":3}},"3":{"start":{"line":12,"column":4},"end":{"line":12,"column":24}},"4":{"start":{"line":13,"column":4},"end":{"line":13,"column":18}},"5":{"start":{"line":17,"column":2},"end":{"line":73,"column":1}},"6":{"start":{"line":46,"column":32},"end":{"line":46,"column":50}}},"fnMap":{"0":{"name":"(anonymous_0)","decl":{"start":{"line":7,"column":14},"end":{"line":7,"column":15}},"loc":{"start":{"line":7,"column":43},"end":{"line":74,"column":1}},"line":7},"1":{"name":"(anonymous_1)","decl":{"start":{"line":11,"column":27},"end":{"line":11,"column":28}},"loc":{"start":{"line":11,"column":33},"end":{"line":14,"column":3}},"line":11},"2":{"name":"(anonymous_2)","decl":{"start":{"line":46,"column":26},"end":{"line":46,"column":27}},"loc":{"start":{"line":46,"column":32},"end":{"line":46,"column":50}},"line":46}},"branchMap":{},"s":{"0":1,"1":0,"2":0,"3":0,"4":0,"5":0,"6":0},"f":{"0":0,"1":0,"2":0},"b":{},"_coverageSchema":"1a1c01bbd47fc00a2c39e90264f33305004495a9","hash":"f54678d563159f06a17530f1356b5bf6f30856f1"}
,"/Users/rajugharti/Desktop/Hack-Reactor/Sprints/FEC/projCatWalk/src/components/related-items-comparison/Outfit.jsx": {"path":"/Users/rajugharti/Desktop/Hack-Reactor/Sprints/FEC/projCatWalk/src/components/related-items-comparison/Outfit.jsx","statementMap":{"0":{"start":{"line":8,"column":4},"end":{"line":8,"column":17}},"1":{"start":{"line":10,"column":4},"end":{"line":13,"column":6}},"2":{"start":{"line":15,"column":4},"end":{"line":15,"column":49}},"3":{"start":{"line":20,"column":4},"end":{"line":23,"column":7}},"4":{"start":{"line":28,"column":12},"end":{"line":28,"column":31}},"5":{"start":{"line":29,"column":4},"end":{"line":37,"column":7}},"6":{"start":{"line":30,"column":6},"end":{"line":35,"column":7}},"7":{"start":{"line":31,"column":8},"end":{"line":31,"column":27}},"8":{"start":{"line":32,"column":8},"end":{"line":34,"column":11}},"9":{"start":{"line":44,"column":4},"end":{"line":91,"column":5}},"10":{"start":{"line":45,"column":6},"end":{"line":88,"column":7}},"11":{"start":{"line":51,"column":63},"end":{"line":51,"column":86}},"12":{"start":{"line":56,"column":14},"end":{"line":81,"column":15}},"13":{"start":{"line":58,"column":41},"end":{"line":58,"column":68}},"14":{"start":{"line":90,"column":6},"end":{"line":90,"column":18}}},"fnMap":{"0":{"name":"(anonymous_0)","decl":{"start":{"line":7,"column":2},"end":{"line":7,"column":3}},"loc":{"start":{"line":7,"column":21},"end":{"line":17,"column":3}},"line":7},"1":{"name":"(anonymous_1)","decl":{"start":{"line":19,"column":2},"end":{"line":19,"column":3}},"loc":{"start":{"line":19,"column":22},"end":{"line":24,"column":3}},"line":19},"2":{"name":"(anonymous_2)","decl":{"start":{"line":27,"column":2},"end":{"line":27,"column":3}},"loc":{"start":{"line":27,"column":17},"end":{"line":39,"column":3}},"line":27},"3":{"name":"(anonymous_3)","decl":{"start":{"line":29,"column":10},"end":{"line":29,"column":11}},"loc":{"start":{"line":29,"column":27},"end":{"line":37,"column":5}},"line":29},"4":{"name":"(anonymous_4)","decl":{"start":{"line":42,"column":2},"end":{"line":42,"column":3}},"loc":{"start":{"line":42,"column":11},"end":{"line":94,"column":3}},"line":42},"5":{"name":"(anonymous_5)","decl":{"start":{"line":51,"column":57},"end":{"line":51,"column":58}},"loc":{"start":{"line":51,"column":63},"end":{"line":51,"column":86}},"line":51},"6":{"name":"(anonymous_6)","decl":{"start":{"line":54,"column":49},"end":{"line":54,"column":50}},"loc":{"start":{"line":54,"column":69},"end":{"line":83,"column":13}},"line":54},"7":{"name":"(anonymous_7)","decl":{"start":{"line":58,"column":35},"end":{"line":58,"column":36}},"loc":{"start":{"line":58,"column":41},"end":{"line":58,"column":68}},"line":58},"8":{"name":"(anonymous_8)","decl":{"start":{"line":72,"column":47},"end":{"line":72,"column":48}},"loc":{"start":{"line":72,"column":53},"end":{"line":72,"column":56}},"line":72}},"branchMap":{"0":{"loc":{"start":{"line":30,"column":6},"end":{"line":35,"column":7}},"type":"if","locations":[{"start":{"line":30,"column":6},"end":{"line":35,"column":7}},{"start":{"line":30,"column":6},"end":{"line":35,"column":7}}],"line":30},"1":{"loc":{"start":{"line":44,"column":4},"end":{"line":91,"column":5}},"type":"if","locations":[{"start":{"line":44,"column":4},"end":{"line":91,"column":5}},{"start":{"line":44,"column":4},"end":{"line":91,"column":5}}],"line":44}},"s":{"0":0,"1":0,"2":0,"3":0,"4":0,"5":0,"6":0,"7":0,"8":0,"9":0,"10":0,"11":0,"12":0,"13":0,"14":0},"f":{"0":0,"1":0,"2":0,"3":0,"4":0,"5":0,"6":0,"7":0,"8":0},"b":{"0":[0,0],"1":[0,0]},"_coverageSchema":"1a1c01bbd47fc00a2c39e90264f33305004495a9","hash":"08a95519b89b018c8c938d386c7f5ab29e1c9243"}
,"/Users/rajugharti/Desktop/Hack-Reactor/Sprints/FEC/projCatWalk/src/components/related-items-comparison/ProductInformation.jsx": {"path":"/Users/rajugharti/Desktop/Hack-Reactor/Sprints/FEC/projCatWalk/src/components/related-items-comparison/ProductInformation.jsx","statementMap":{"0":{"start":{"line":5,"column":27},"end":{"line":28,"column":1}},"1":{"start":{"line":7,"column":2},"end":{"line":26,"column":8}},"2":{"start":{"line":8,"column":34},"end":{"line":8,"column":63}}},"fnMap":{"0":{"name":"(anonymous_0)","decl":{"start":{"line":5,"column":27},"end":{"line":5,"column":28}},"loc":{"start":{"line":7,"column":2},"end":{"line":26,"column":8}},"line":7},"1":{"name":"(anonymous_1)","decl":{"start":{"line":8,"column":28},"end":{"line":8,"column":29}},"loc":{"start":{"line":8,"column":34},"end":{"line":8,"column":63}},"line":8},"2":{"name":"(anonymous_2)","decl":{"start":{"line":20,"column":29},"end":{"line":20,"column":30}},"loc":{"start":{"line":20,"column":35},"end":{"line":20,"column":38}},"line":20}},"branchMap":{},"s":{"0":1,"1":0,"2":0},"f":{"0":0,"1":0,"2":0},"b":{},"_coverageSchema":"1a1c01bbd47fc00a2c39e90264f33305004495a9","hash":"76f2677c1dcca68b29b3e3e58baedf16d5f779f8"}
,"/Users/rajugharti/Desktop/Hack-Reactor/Sprints/FEC/projCatWalk/src/components/related-items-comparison/RelatedItem.jsx": {"path":"/Users/rajugharti/Desktop/Hack-Reactor/Sprints/FEC/projCatWalk/src/components/related-items-comparison/RelatedItem.jsx","statementMap":{"0":{"start":{"line":9,"column":4},"end":{"line":9,"column":12}},"1":{"start":{"line":10,"column":4},"end":{"line":15,"column":6}},"2":{"start":{"line":17,"column":4},"end":{"line":17,"column":49}},"3":{"start":{"line":18,"column":4},"end":{"line":18,"column":43}},"4":{"start":{"line":19,"column":4},"end":{"line":19,"column":75}},"5":{"start":{"line":23,"column":26},"end":{"line":23,"column":28}},"6":{"start":{"line":24,"column":30},"end":{"line":24,"column":32}},"7":{"start":{"line":25,"column":4},"end":{"line":31,"column":7}},"8":{"start":{"line":26,"column":6},"end":{"line":26,"column":40}},"9":{"start":{"line":27,"column":6},"end":{"line":30,"column":7}},"10":{"start":{"line":28,"column":8},"end":{"line":28,"column":50}},"11":{"start":{"line":29,"column":8},"end":{"line":29,"column":33}},"12":{"start":{"line":33,"column":4},"end":{"line":35,"column":7}},"13":{"start":{"line":39,"column":25},"end":{"line":52,"column":5}},"14":{"start":{"line":54,"column":4},"end":{"line":64,"column":9}},"15":{"start":{"line":55,"column":6},"end":{"line":58,"column":11}},"16":{"start":{"line":57,"column":10},"end":{"line":57,"column":30}},"17":{"start":{"line":60,"column":6},"end":{"line":60,"column":45}},"18":{"start":{"line":63,"column":8},"end":{"line":63,"column":25}},"19":{"start":{"line":68,"column":4},"end":{"line":78,"column":7}},"20":{"start":{"line":69,"column":6},"end":{"line":77,"column":9}},"21":{"start":{"line":70,"column":8},"end":{"line":76,"column":9}},"22":{"start":{"line":71,"column":10},"end":{"line":74,"column":13}},"23":{"start":{"line":84,"column":4},"end":{"line":84,"column":19}},"24":{"start":{"line":88,"column":4},"end":{"line":105,"column":5}},"25":{"start":{"line":89,"column":6},"end":{"line":89,"column":18}},"26":{"start":{"line":92,"column":6},"end":{"line":104,"column":8}}},"fnMap":{"0":{"name":"(anonymous_0)","decl":{"start":{"line":8,"column":2},"end":{"line":8,"column":3}},"loc":{"start":{"line":8,"column":16},"end":{"line":20,"column":3}},"line":8},"1":{"name":"(anonymous_1)","decl":{"start":{"line":22,"column":2},"end":{"line":22,"column":3}},"loc":{"start":{"line":22,"column":36},"end":{"line":36,"column":3}},"line":22},"2":{"name":"(anonymous_2)","decl":{"start":{"line":25,"column":21},"end":{"line":25,"column":22}},"loc":{"start":{"line":25,"column":32},"end":{"line":31,"column":5}},"line":25},"3":{"name":"(anonymous_3)","decl":{"start":{"line":38,"column":2},"end":{"line":38,"column":3}},"loc":{"start":{"line":38,"column":12},"end":{"line":65,"column":3}},"line":38},"4":{"name":"(anonymous_4)","decl":{"start":{"line":54,"column":35},"end":{"line":54,"column":36}},"loc":{"start":{"line":54,"column":48},"end":{"line":59,"column":5}},"line":54},"5":{"name":"(anonymous_5)","decl":{"start":{"line":56,"column":14},"end":{"line":56,"column":15}},"loc":{"start":{"line":56,"column":25},"end":{"line":58,"column":9}},"line":56},"6":{"name":"(anonymous_6)","decl":{"start":{"line":59,"column":13},"end":{"line":59,"column":14}},"loc":{"start":{"line":59,"column":27},"end":{"line":61,"column":5}},"line":59},"7":{"name":"(anonymous_7)","decl":{"start":{"line":62,"column":13},"end":{"line":62,"column":14}},"loc":{"start":{"line":62,"column":20},"end":{"line":64,"column":7}},"line":62},"8":{"name":"(anonymous_8)","decl":{"start":{"line":67,"column":2},"end":{"line":67,"column":3}},"loc":{"start":{"line":67,"column":27},"end":{"line":80,"column":3}},"line":67},"9":{"name":"(anonymous_9)","decl":{"start":{"line":68,"column":39},"end":{"line":68,"column":40}},"loc":{"start":{"line":68,"column":51},"end":{"line":78,"column":5}},"line":68},"10":{"name":"(anonymous_10)","decl":{"start":{"line":69,"column":23},"end":{"line":69,"column":24}},"loc":{"start":{"line":69,"column":34},"end":{"line":77,"column":7}},"line":69},"11":{"name":"(anonymous_11)","decl":{"start":{"line":83,"column":2},"end":{"line":83,"column":3}},"loc":{"start":{"line":83,"column":22},"end":{"line":85,"column":3}},"line":83},"12":{"name":"(anonymous_12)","decl":{"start":{"line":87,"column":2},"end":{"line":87,"column":3}},"loc":{"start":{"line":87,"column":11},"end":{"line":107,"column":3}},"line":87}},"branchMap":{"0":{"loc":{"start":{"line":27,"column":6},"end":{"line":30,"column":7}},"type":"if","locations":[{"start":{"line":27,"column":6},"end":{"line":30,"column":7}},{"start":{"line":27,"column":6},"end":{"line":30,"column":7}}],"line":27},"1":{"loc":{"start":{"line":70,"column":8},"end":{"line":76,"column":9}},"type":"if","locations":[{"start":{"line":70,"column":8},"end":{"line":76,"column":9}},{"start":{"line":70,"column":8},"end":{"line":76,"column":9}}],"line":70},"2":{"loc":{"start":{"line":88,"column":4},"end":{"line":105,"column":5}},"type":"if","locations":[{"start":{"line":88,"column":4},"end":{"line":105,"column":5}},{"start":{"line":88,"column":4},"end":{"line":105,"column":5}}],"line":88},"3":{"loc":{"start":{"line":94,"column":11},"end":{"line":101,"column":14}},"type":"cond-expr","locations":[{"start":{"line":94,"column":44},"end":{"line":97,"column":12}},{"start":{"line":98,"column":14},"end":{"line":101,"column":14}}],"line":94}},"s":{"0":2,"1":2,"2":2,"3":2,"4":2,"5":0,"6":0,"7":0,"8":0,"9":0,"10":0,"11":0,"12":0,"13":2,"14":2,"15":24,"16":0,"17":0,"18":0,"19":0,"20":0,"21":0,"22":0,"23":2,"24":2,"25":2,"26":0},"f":{"0":2,"1":0,"2":0,"3":2,"4":24,"5":0,"6":0,"7":0,"8":0,"9":0,"10":0,"11":2,"12":2},"b":{"0":[0,0],"1":[0,0],"2":[2,0],"3":[0,0]},"_coverageSchema":"1a1c01bbd47fc00a2c39e90264f33305004495a9","hash":"827a375aebb7ce110f19d37561b2cbaacbdd932a"}
,"/Users/rajugharti/Desktop/Hack-Reactor/Sprints/FEC/projCatWalk/src/components/related-items-comparison/RelatedProductCard.jsx": {"path":"/Users/rajugharti/Desktop/Hack-Reactor/Sprints/FEC/projCatWalk/src/components/related-items-comparison/RelatedProductCard.jsx","statementMap":{"0":{"start":{"line":11,"column":4},"end":{"line":11,"column":17}},"1":{"start":{"line":12,"column":4},"end":{"line":19,"column":6}},"2":{"start":{"line":21,"column":4},"end":{"line":21,"column":37}},"3":{"start":{"line":22,"column":4},"end":{"line":22,"column":37}},"4":{"start":{"line":23,"column":4},"end":{"line":23,"column":59}},"5":{"start":{"line":24,"column":4},"end":{"line":24,"column":61}},"6":{"start":{"line":25,"column":4},"end":{"line":25,"column":69}},"7":{"start":{"line":26,"column":4},"end":{"line":26,"column":49}},"8":{"start":{"line":31,"column":4},"end":{"line":33,"column":7}},"9":{"start":{"line":38,"column":4},"end":{"line":40,"column":7}},"10":{"start":{"line":45,"column":4},"end":{"line":45,"column":36}},"11":{"start":{"line":49,"column":4},"end":{"line":57,"column":5}},"12":{"start":{"line":50,"column":6},"end":{"line":52,"column":9}},"13":{"start":{"line":54,"column":6},"end":{"line":56,"column":9}},"14":{"start":{"line":61,"column":4},"end":{"line":69,"column":5}},"15":{"start":{"line":62,"column":6},"end":{"line":64,"column":9}},"16":{"start":{"line":66,"column":6},"end":{"line":68,"column":9}},"17":{"start":{"line":73,"column":4},"end":{"line":84,"column":5}},"18":{"start":{"line":74,"column":6},"end":{"line":74,"column":38}},"19":{"start":{"line":75,"column":6},"end":{"line":77,"column":9}},"20":{"start":{"line":79,"column":14},"end":{"line":79,"column":30}},"21":{"start":{"line":80,"column":6},"end":{"line":80,"column":56}},"22":{"start":{"line":81,"column":6},"end":{"line":83,"column":9}},"23":{"start":{"line":90,"column":4},"end":{"line":198,"column":5}},"24":{"start":{"line":120,"column":12},"end":{"line":168,"column":13}},"25":{"start":{"line":128,"column":22},"end":{"line":158,"column":23}},"26":{"start":{"line":133,"column":51},"end":{"line":133,"column":72}},"27":{"start":{"line":137,"column":73},"end":{"line":137,"column":107}},"28":{"start":{"line":182,"column":63},"end":{"line":182,"column":80}}},"fnMap":{"0":{"name":"(anonymous_0)","decl":{"start":{"line":10,"column":2},"end":{"line":10,"column":3}},"loc":{"start":{"line":10,"column":21},"end":{"line":27,"column":3}},"line":10},"1":{"name":"(anonymous_1)","decl":{"start":{"line":30,"column":2},"end":{"line":30,"column":3}},"loc":{"start":{"line":30,"column":20},"end":{"line":35,"column":3}},"line":30},"2":{"name":"(anonymous_2)","decl":{"start":{"line":37,"column":2},"end":{"line":37,"column":3}},"loc":{"start":{"line":37,"column":21},"end":{"line":41,"column":3}},"line":37},"3":{"name":"(anonymous_3)","decl":{"start":{"line":43,"column":2},"end":{"line":43,"column":3}},"loc":{"start":{"line":43,"column":27},"end":{"line":46,"column":3}},"line":43},"4":{"name":"(anonymous_4)","decl":{"start":{"line":48,"column":2},"end":{"line":48,"column":3}},"loc":{"start":{"line":48,"column":9},"end":{"line":58,"column":3}},"line":48},"5":{"name":"(anonymous_5)","decl":{"start":{"line":60,"column":2},"end":{"line":60,"column":3}},"loc":{"start":{"line":60,"column":9},"end":{"line":70,"column":3}},"line":60},"6":{"name":"(anonymous_6)","decl":{"start":{"line":72,"column":2},"end":{"line":72,"column":3}},"loc":{"start":{"line":72,"column":22},"end":{"line":85,"column":3}},"line":72},"7":{"name":"(anonymous_7)","decl":{"start":{"line":88,"column":2},"end":{"line":88,"column":3}},"loc":{"start":{"line":88,"column":11},"end":{"line":199,"column":3}},"line":88},"8":{"name":"(anonymous_8)","decl":{"start":{"line":118,"column":35},"end":{"line":118,"column":36}},"loc":{"start":{"line":118,"column":55},"end":{"line":170,"column":11}},"line":118},"9":{"name":"(anonymous_9)","decl":{"start":{"line":127,"column":32},"end":{"line":127,"column":33}},"loc":{"start":{"line":127,"column":49},"end":{"line":160,"column":21}},"line":127},"10":{"name":"(anonymous_10)","decl":{"start":{"line":133,"column":45},"end":{"line":133,"column":46}},"loc":{"start":{"line":133,"column":51},"end":{"line":133,"column":72}},"line":133},"11":{"name":"(anonymous_11)","decl":{"start":{"line":137,"column":65},"end":{"line":137,"column":66}},"loc":{"start":{"line":137,"column":71},"end":{"line":137,"column":109}},"line":137},"12":{"name":"(anonymous_12)","decl":{"start":{"line":150,"column":53},"end":{"line":150,"column":54}},"loc":{"start":{"line":150,"column":59},"end":{"line":150,"column":62}},"line":150},"13":{"name":"(anonymous_13)","decl":{"start":{"line":182,"column":57},"end":{"line":182,"column":58}},"loc":{"start":{"line":182,"column":63},"end":{"line":182,"column":80}},"line":182}},"branchMap":{"0":{"loc":{"start":{"line":49,"column":4},"end":{"line":57,"column":5}},"type":"if","locations":[{"start":{"line":49,"column":4},"end":{"line":57,"column":5}},{"start":{"line":49,"column":4},"end":{"line":57,"column":5}}],"line":49},"1":{"loc":{"start":{"line":61,"column":4},"end":{"line":69,"column":5}},"type":"if","locations":[{"start":{"line":61,"column":4},"end":{"line":69,"column":5}},{"start":{"line":61,"column":4},"end":{"line":69,"column":5}}],"line":61},"2":{"loc":{"start":{"line":73,"column":4},"end":{"line":84,"column":5}},"type":"if","locations":[{"start":{"line":73,"column":4},"end":{"line":84,"column":5}},{"start":{"line":73,"column":4},"end":{"line":84,"column":5}}],"line":73},"3":{"loc":{"start":{"line":94,"column":11},"end":{"line":103,"column":11}},"type":"binary-expr","locations":[{"start":{"line":94,"column":11},"end":{"line":94,"column":33}},{"start":{"line":95,"column":12},"end":{"line":101,"column":14}}],"line":94},"4":{"loc":{"start":{"line":106,"column":1},"end":{"line":115,"column":13}},"type":"binary-expr","locations":[{"start":{"line":106,"column":1},"end":{"line":106,"column":54}},{"start":{"line":108,"column":14},"end":{"line":114,"column":16}}],"line":106},"5":{"loc":{"start":{"line":121,"column":30},"end":{"line":121,"column":85}},"type":"cond-expr","locations":[{"start":{"line":121,"column":61},"end":{"line":121,"column":75}},{"start":{"line":121,"column":78},"end":{"line":121,"column":85}}],"line":121},"6":{"loc":{"start":{"line":125,"column":19},"end":{"line":162,"column":19}},"type":"binary-expr","locations":[{"start":{"line":125,"column":19},"end":{"line":125,"column":47}},{"start":{"line":127,"column":20},"end":{"line":160,"column":22}}],"line":125},"7":{"loc":{"start":{"line":175,"column":11},"end":{"line":185,"column":16}},"type":"cond-expr","locations":[{"start":{"line":175,"column":42},"end":{"line":178,"column":12}},{"start":{"line":179,"column":14},"end":{"line":185,"column":16}}],"line":175},"8":{"loc":{"start":{"line":189,"column":9},"end":{"line":193,"column":16}},"type":"cond-expr","locations":[{"start":{"line":190,"column":10},"end":{"line":192,"column":12}},{"start":{"line":193,"column":12},"end":{"line":193,"column":16}}],"line":189}},"s":{"0":0,"1":0,"2":0,"3":0,"4":0,"5":0,"6":0,"7":0,"8":0,"9":0,"10":0,"11":0,"12":0,"13":0,"14":0,"15":0,"16":0,"17":0,"18":0,"19":0,"20":0,"21":0,"22":0,"23":0,"24":0,"25":0,"26":0,"27":0,"28":0},"f":{"0":0,"1":0,"2":0,"3":0,"4":0,"5":0,"6":0,"7":0,"8":0,"9":0,"10":0,"11":0,"12":0,"13":0},"b":{"0":[0,0],"1":[0,0],"2":[0,0],"3":[0,0],"4":[0,0],"5":[0,0],"6":[0,0],"7":[0,0],"8":[0,0]},"_coverageSchema":"1a1c01bbd47fc00a2c39e90264f33305004495a9","hash":"6f1ea7a868027d68f194be4048a00ff234544561"}
,"/Users/rajugharti/Desktop/Hack-Reactor/Sprints/FEC/projCatWalk/src/components/shared/StarRating.jsx": {"path":"/Users/rajugharti/Desktop/Hack-Reactor/Sprints/FEC/projCatWalk/src/components/shared/StarRating.jsx","statementMap":{"0":{"start":{"line":19,"column":19},"end":{"line":78,"column":1}},"1":{"start":{"line":22,"column":24},"end":{"line":22,"column":41}},"2":{"start":{"line":23,"column":16},"end":{"line":23,"column":29}},"3":{"start":{"line":24,"column":2},"end":{"line":32,"column":5}},"4":{"start":{"line":25,"column":4},"end":{"line":27,"column":5}},"5":{"start":{"line":26,"column":6},"end":{"line":26,"column":15}},"6":{"start":{"line":28,"column":4},"end":{"line":30,"column":5}},"7":{"start":{"line":29,"column":6},"end":{"line":29,"column":17}},"8":{"start":{"line":31,"column":4},"end":{"line":31,"column":13}},"9":{"start":{"line":34,"column":28},"end":{"line":34,"column":42}},"10":{"start":{"line":36,"column":2},"end":{"line":77,"column":4}},"11":{"start":{"line":39,"column":28},"end":{"line":39,"column":33}},"12":{"start":{"line":40,"column":8},"end":{"line":52,"column":9}},"13":{"start":{"line":41,"column":10},"end":{"line":51,"column":12}},"14":{"start":{"line":46,"column":29},"end":{"line":46,"column":85}},"15":{"start":{"line":47,"column":33},"end":{"line":47,"column":69}},"16":{"start":{"line":48,"column":34},"end":{"line":48,"column":48}},"17":{"start":{"line":53,"column":8},"end":{"line":64,"column":9}},"18":{"start":{"line":54,"column":10},"end":{"line":63,"column":12}},"19":{"start":{"line":59,"column":29},"end":{"line":59,"column":85}},"20":{"start":{"line":60,"column":33},"end":{"line":60,"column":69}},"21":{"start":{"line":61,"column":34},"end":{"line":61,"column":48}},"22":{"start":{"line":65,"column":8},"end":{"line":74,"column":10}},"23":{"start":{"line":70,"column":27},"end":{"line":70,"column":83}},"24":{"start":{"line":71,"column":31},"end":{"line":71,"column":67}},"25":{"start":{"line":72,"column":32},"end":{"line":72,"column":46}},"26":{"start":{"line":80,"column":0},"end":{"line":86,"column":2}},"27":{"start":{"line":88,"column":0},"end":{"line":91,"column":2}}},"fnMap":{"0":{"name":"(anonymous_0)","decl":{"start":{"line":19,"column":19},"end":{"line":19,"column":20}},"loc":{"start":{"line":21,"column":6},"end":{"line":78,"column":1}},"line":21},"1":{"name":"(anonymous_1)","decl":{"start":{"line":24,"column":24},"end":{"line":24,"column":25}},"loc":{"start":{"line":24,"column":34},"end":{"line":32,"column":3}},"line":24},"2":{"name":"(anonymous_2)","decl":{"start":{"line":38,"column":19},"end":{"line":38,"column":20}},"loc":{"start":{"line":38,"column":32},"end":{"line":75,"column":7}},"line":38},"3":{"name":"(anonymous_3)","decl":{"start":{"line":46,"column":23},"end":{"line":46,"column":24}},"loc":{"start":{"line":46,"column":29},"end":{"line":46,"column":85}},"line":46},"4":{"name":"(anonymous_4)","decl":{"start":{"line":47,"column":27},"end":{"line":47,"column":28}},"loc":{"start":{"line":47,"column":33},"end":{"line":47,"column":69}},"line":47},"5":{"name":"(anonymous_5)","decl":{"start":{"line":48,"column":28},"end":{"line":48,"column":29}},"loc":{"start":{"line":48,"column":34},"end":{"line":48,"column":48}},"line":48},"6":{"name":"(anonymous_6)","decl":{"start":{"line":59,"column":23},"end":{"line":59,"column":24}},"loc":{"start":{"line":59,"column":29},"end":{"line":59,"column":85}},"line":59},"7":{"name":"(anonymous_7)","decl":{"start":{"line":60,"column":27},"end":{"line":60,"column":28}},"loc":{"start":{"line":60,"column":33},"end":{"line":60,"column":69}},"line":60},"8":{"name":"(anonymous_8)","decl":{"start":{"line":61,"column":28},"end":{"line":61,"column":29}},"loc":{"start":{"line":61,"column":34},"end":{"line":61,"column":48}},"line":61},"9":{"name":"(anonymous_9)","decl":{"start":{"line":70,"column":21},"end":{"line":70,"column":22}},"loc":{"start":{"line":70,"column":27},"end":{"line":70,"column":83}},"line":70},"10":{"name":"(anonymous_10)","decl":{"start":{"line":71,"column":25},"end":{"line":71,"column":26}},"loc":{"start":{"line":71,"column":31},"end":{"line":71,"column":67}},"line":71},"11":{"name":"(anonymous_11)","decl":{"start":{"line":72,"column":26},"end":{"line":72,"column":27}},"loc":{"start":{"line":72,"column":32},"end":{"line":72,"column":46}},"line":72}},"branchMap":{"0":{"loc":{"start":{"line":25,"column":4},"end":{"line":27,"column":5}},"type":"if","locations":[{"start":{"line":25,"column":4},"end":{"line":27,"column":5}},{"start":{"line":25,"column":4},"end":{"line":27,"column":5}}],"line":25},"1":{"loc":{"start":{"line":28,"column":4},"end":{"line":30,"column":5}},"type":"if","locations":[{"start":{"line":28,"column":4},"end":{"line":30,"column":5}},{"start":{"line":28,"column":4},"end":{"line":30,"column":5}}],"line":28},"2":{"loc":{"start":{"line":28,"column":8},"end":{"line":28,"column":31}},"type":"binary-expr","locations":[{"start":{"line":28,"column":8},"end":{"line":28,"column":18}},{"start":{"line":28,"column":22},"end":{"line":28,"column":31}}],"line":28},"3":{"loc":{"start":{"line":40,"column":8},"end":{"line":52,"column":9}},"type":"if","locations":[{"start":{"line":40,"column":8},"end":{"line":52,"column":9}},{"start":{"line":40,"column":8},"end":{"line":52,"column":9}}],"line":40},"4":{"loc":{"start":{"line":43,"column":20},"end":{"line":43,"column":61}},"type":"cond-expr","locations":[{"start":{"line":43,"column":44},"end":{"line":43,"column":54}},{"start":{"line":43,"column":57},"end":{"line":43,"column":61}}],"line":43},"5":{"loc":{"start":{"line":46,"column":29},"end":{"line":46,"column":85}},"type":"binary-expr","locations":[{"start":{"line":46,"column":29},"end":{"line":46,"column":40}},{"start":{"line":46,"column":44},"end":{"line":46,"column":85}}],"line":46},"6":{"loc":{"start":{"line":47,"column":33},"end":{"line":47,"column":69}},"type":"binary-expr","locations":[{"start":{"line":47,"column":33},"end":{"line":47,"column":44}},{"start":{"line":47,"column":48},"end":{"line":47,"column":69}}],"line":47},"7":{"loc":{"start":{"line":53,"column":8},"end":{"line":64,"column":9}},"type":"if","locations":[{"start":{"line":53,"column":8},"end":{"line":64,"column":9}},{"start":{"line":53,"column":8},"end":{"line":64,"column":9}}],"line":53},"8":{"loc":{"start":{"line":56,"column":20},"end":{"line":56,"column":61}},"type":"cond-expr","locations":[{"start":{"line":56,"column":44},"end":{"line":56,"column":54}},{"start":{"line":56,"column":57},"end":{"line":56,"column":61}}],"line":56},"9":{"loc":{"start":{"line":59,"column":29},"end":{"line":59,"column":85}},"type":"binary-expr","locations":[{"start":{"line":59,"column":29},"end":{"line":59,"column":40}},{"start":{"line":59,"column":44},"end":{"line":59,"column":85}}],"line":59},"10":{"loc":{"start":{"line":60,"column":33},"end":{"line":60,"column":69}},"type":"binary-expr","locations":[{"start":{"line":60,"column":33},"end":{"line":60,"column":44}},{"start":{"line":60,"column":48},"end":{"line":60,"column":69}}],"line":60},"11":{"loc":{"start":{"line":67,"column":18},"end":{"line":67,"column":59}},"type":"cond-expr","locations":[{"start":{"line":67,"column":42},"end":{"line":67,"column":52}},{"start":{"line":67,"column":55},"end":{"line":67,"column":59}}],"line":67},"12":{"loc":{"start":{"line":70,"column":27},"end":{"line":70,"column":83}},"type":"binary-expr","locations":[{"start":{"line":70,"column":27},"end":{"line":70,"column":38}},{"start":{"line":70,"column":42},"end":{"line":70,"column":83}}],"line":70},"13":{"loc":{"start":{"line":71,"column":31},"end":{"line":71,"column":67}},"type":"binary-expr","locations":[{"start":{"line":71,"column":31},"end":{"line":71,"column":42}},{"start":{"line":71,"column":46},"end":{"line":71,"column":67}}],"line":71}},"s":{"0":1,"1":0,"2":0,"3":0,"4":0,"5":0,"6":0,"7":0,"8":0,"9":0,"10":0,"11":0,"12":0,"13":0,"14":0,"15":0,"16":0,"17":0,"18":0,"19":0,"20":0,"21":0,"22":0,"23":0,"24":0,"25":0,"26":1,"27":1},"f":{"0":0,"1":0,"2":0,"3":0,"4":0,"5":0,"6":0,"7":0,"8":0,"9":0,"10":0,"11":0},"b":{"0":[0,0],"1":[0,0],"2":[0,0],"3":[0,0],"4":[0,0],"5":[0,0],"6":[0,0],"7":[0,0],"8":[0,0],"9":[0,0],"10":[0,0],"11":[0,0],"12":[0,0],"13":[0,0]},"_coverageSchema":"1a1c01bbd47fc00a2c39e90264f33305004495a9","hash":"1d9be9a28f910538ae1052149258472efbf0b03c"}
}
