{"/Users/coding/hack_reactor/hr-rfe2/fec/projCatWalk/server/apiCalls.js": {"path":"/Users/coding/hack_reactor/hr-rfe2/fec/projCatWalk/server/apiCalls.js","statementMap":{"0":{"start":{"line":1,"column":14},"end":{"line":1,"column":30}},"1":{"start":{"line":3,"column":23},"end":{"line":6,"column":2}},"2":{"start":{"line":3,"column":38},"end":{"line":6,"column":2}},"3":{"start":{"line":8,"column":25},"end":{"line":11,"column":2}},"4":{"start":{"line":8,"column":40},"end":{"line":11,"column":2}},"5":{"start":{"line":13,"column":29},"end":{"line":16,"column":2}},"6":{"start":{"line":13,"column":44},"end":{"line":16,"column":2}},"7":{"start":{"line":18,"column":26},"end":{"line":21,"column":2}},"8":{"start":{"line":18,"column":41},"end":{"line":21,"column":2}},"9":{"start":{"line":23,"column":0},"end":{"line":23,"column":47}},"10":{"start":{"line":24,"column":0},"end":{"line":24,"column":51}},"11":{"start":{"line":25,"column":0},"end":{"line":25,"column":59}},"12":{"start":{"line":26,"column":0},"end":{"line":26,"column":53}}},"fnMap":{"0":{"name":"(anonymous_0)","decl":{"start":{"line":3,"column":23},"end":{"line":3,"column":24}},"loc":{"start":{"line":3,"column":38},"end":{"line":6,"column":2}},"line":3},"1":{"name":"(anonymous_1)","decl":{"start":{"line":8,"column":25},"end":{"line":8,"column":26}},"loc":{"start":{"line":8,"column":40},"end":{"line":11,"column":2}},"line":8},"2":{"name":"(anonymous_2)","decl":{"start":{"line":13,"column":29},"end":{"line":13,"column":30}},"loc":{"start":{"line":13,"column":44},"end":{"line":16,"column":2}},"line":13},"3":{"name":"(anonymous_3)","decl":{"start":{"line":18,"column":26},"end":{"line":18,"column":27}},"loc":{"start":{"line":18,"column":41},"end":{"line":21,"column":2}},"line":18}},"branchMap":{},"s":{"0":1,"1":1,"2":3,"3":1,"4":3,"5":1,"6":3,"7":1,"8":3,"9":1,"10":1,"11":1,"12":1},"f":{"0":3,"1":3,"2":3,"3":3},"b":{},"_coverageSchema":"1a1c01bbd47fc00a2c39e90264f33305004495a9","hash":"13b3ff595488c8823b048fe9ed43161839e7ad25"}
,"/Users/coding/hack_reactor/hr-rfe2/fec/projCatWalk/server/app.js": {"path":"/Users/coding/hack_reactor/hr-rfe2/fec/projCatWalk/server/app.js","statementMap":{"0":{"start":{"line":1,"column":0},"end":{"line":1,"column":27}},"1":{"start":{"line":2,"column":16},"end":{"line":2,"column":34}},"2":{"start":{"line":3,"column":13},"end":{"line":3,"column":28}},"3":{"start":{"line":4,"column":15},"end":{"line":4,"column":32}},"4":{"start":{"line":6,"column":12},"end":{"line":6,"column":33}},"5":{"start":{"line":8,"column":24},"end":{"line":8,"column":62}},"6":{"start":{"line":11,"column":12},"end":{"line":11,"column":21}},"7":{"start":{"line":12,"column":0},"end":{"line":12,"column":24}},"8":{"start":{"line":13,"column":0},"end":{"line":13,"column":59}},"9":{"start":{"line":16,"column":0},"end":{"line":18,"column":1}},"10":{"start":{"line":17,"column":2},"end":{"line":17,"column":25}},"11":{"start":{"line":19,"column":0},"end":{"line":21,"column":1}},"12":{"start":{"line":20,"column":2},"end":{"line":20,"column":26}},"13":{"start":{"line":23,"column":0},"end":{"line":25,"column":2}},"14":{"start":{"line":24,"column":2},"end":{"line":24,"column":24}},"15":{"start":{"line":27,"column":0},"end":{"line":39,"column":3}},"16":{"start":{"line":28,"column":24},"end":{"line":28,"column":34}},"17":{"start":{"line":29,"column":2},"end":{"line":38,"column":47}},"18":{"start":{"line":35,"column":23},"end":{"line":35,"column":59}},"19":{"start":{"line":35,"column":47},"end":{"line":35,"column":58}},"20":{"start":{"line":36,"column":23},"end":{"line":36,"column":57}},"21":{"start":{"line":37,"column":26},"end":{"line":37,"column":52}},"22":{"start":{"line":38,"column":20},"end":{"line":38,"column":45}},"23":{"start":{"line":41,"column":0},"end":{"line":41,"column":21}}},"fnMap":{"0":{"name":"(anonymous_0)","decl":{"start":{"line":23,"column":17},"end":{"line":23,"column":18}},"loc":{"start":{"line":23,"column":31},"end":{"line":25,"column":1}},"line":23},"1":{"name":"(anonymous_1)","decl":{"start":{"line":27,"column":39},"end":{"line":27,"column":40}},"loc":{"start":{"line":27,"column":53},"end":{"line":39,"column":1}},"line":27},"2":{"name":"(anonymous_2)","decl":{"start":{"line":35,"column":10},"end":{"line":35,"column":11}},"loc":{"start":{"line":35,"column":23},"end":{"line":35,"column":59}},"line":35},"3":{"name":"(anonymous_3)","decl":{"start":{"line":35,"column":35},"end":{"line":35,"column":36}},"loc":{"start":{"line":35,"column":47},"end":{"line":35,"column":58}},"line":35},"4":{"name":"(anonymous_4)","decl":{"start":{"line":36,"column":10},"end":{"line":36,"column":11}},"loc":{"start":{"line":36,"column":23},"end":{"line":36,"column":57}},"line":36},"5":{"name":"(anonymous_5)","decl":{"start":{"line":37,"column":10},"end":{"line":37,"column":11}},"loc":{"start":{"line":37,"column":26},"end":{"line":37,"column":52}},"line":37},"6":{"name":"(anonymous_6)","decl":{"start":{"line":38,"column":11},"end":{"line":38,"column":12}},"loc":{"start":{"line":38,"column":20},"end":{"line":38,"column":45}},"line":38}},"branchMap":{"0":{"loc":{"start":{"line":16,"column":0},"end":{"line":18,"column":1}},"type":"if","locations":[{"start":{"line":16,"column":0},"end":{"line":18,"column":1}},{"start":{"line":16,"column":0},"end":{"line":18,"column":1}}],"line":16},"1":{"loc":{"start":{"line":19,"column":0},"end":{"line":21,"column":1}},"type":"if","locations":[{"start":{"line":19,"column":0},"end":{"line":21,"column":1}},{"start":{"line":19,"column":0},"end":{"line":21,"column":1}}],"line":19}},"s":{"0":1,"1":1,"2":1,"3":1,"4":1,"5":1,"6":1,"7":1,"8":1,"9":1,"10":0,"11":1,"12":0,"13":1,"14":1,"15":1,"16":3,"17":3,"18":2,"19":8,"20":2,"21":2,"22":1,"23":1},"f":{"0":1,"1":3,"2":2,"3":8,"4":2,"5":2,"6":1},"b":{"0":[0,1],"1":[0,1]},"_coverageSchema":"1a1c01bbd47fc00a2c39e90264f33305004495a9","hash":"481dbd791fc2e2d020350c56b9b3655204c36c44"}
,"/Users/coding/hack_reactor/hr-rfe2/fec/projCatWalk/server/productOverviewHelpers.js": {"path":"/Users/coding/hack_reactor/hr-rfe2/fec/projCatWalk/server/productOverviewHelpers.js","statementMap":{"0":{"start":{"line":1,"column":22},"end":{"line":16,"column":1}},"1":{"start":{"line":2,"column":2},"end":{"line":4,"column":3}},"2":{"start":{"line":3,"column":4},"end":{"line":3,"column":13}},"3":{"start":{"line":5,"column":23},"end":{"line":5,"column":46}},"4":{"start":{"line":6,"column":23},"end":{"line":6,"column":48}},"5":{"start":{"line":7,"column":2},"end":{"line":9,"column":3}},"6":{"start":{"line":8,"column":4},"end":{"line":8,"column":13}},"7":{"start":{"line":10,"column":23},"end":{"line":10,"column":24}},"8":{"start":{"line":11,"column":2},"end":{"line":13,"column":5}},"9":{"start":{"line":12,"column":4},"end":{"line":12,"column":52}},"10":{"start":{"line":14,"column":23},"end":{"line":14,"column":94}},"11":{"start":{"line":14,"column":65},"end":{"line":14,"column":90}},"12":{"start":{"line":15,"column":2},"end":{"line":15,"column":39}},"13":{"start":{"line":18,"column":18},"end":{"line":32,"column":1}},"14":{"start":{"line":19,"column":17},"end":{"line":29,"column":3}},"15":{"start":{"line":31,"column":2},"end":{"line":31,"column":16}},"16":{"start":{"line":34,"column":0},"end":{"line":34,"column":37}},"17":{"start":{"line":35,"column":0},"end":{"line":35,"column":45}}},"fnMap":{"0":{"name":"(anonymous_0)","decl":{"start":{"line":1,"column":22},"end":{"line":1,"column":23}},"loc":{"start":{"line":1,"column":38},"end":{"line":16,"column":1}},"line":1},"1":{"name":"(anonymous_1)","decl":{"start":{"line":11,"column":23},"end":{"line":11,"column":24}},"loc":{"start":{"line":11,"column":43},"end":{"line":13,"column":3}},"line":11},"2":{"name":"(anonymous_2)","decl":{"start":{"line":14,"column":43},"end":{"line":14,"column":44}},"loc":{"start":{"line":14,"column":65},"end":{"line":14,"column":90}},"line":14},"3":{"name":"(anonymous_3)","decl":{"start":{"line":18,"column":18},"end":{"line":18,"column":19}},"loc":{"start":{"line":18,"column":31},"end":{"line":32,"column":1}},"line":18}},"branchMap":{"0":{"loc":{"start":{"line":2,"column":2},"end":{"line":4,"column":3}},"type":"if","locations":[{"start":{"line":2,"column":2},"end":{"line":4,"column":3}},{"start":{"line":2,"column":2},"end":{"line":4,"column":3}}],"line":2},"1":{"loc":{"start":{"line":2,"column":6},"end":{"line":2,"column":72}},"type":"binary-expr","locations":[{"start":{"line":2,"column":6},"end":{"line":2,"column":30}},{"start":{"line":2,"column":34},"end":{"line":2,"column":72}}],"line":2},"2":{"loc":{"start":{"line":7,"column":2},"end":{"line":9,"column":3}},"type":"if","locations":[{"start":{"line":7,"column":2},"end":{"line":9,"column":3}},{"start":{"line":7,"column":2},"end":{"line":9,"column":3}}],"line":7},"3":{"loc":{"start":{"line":22,"column":14},"end":{"line":22,"column":41}},"type":"binary-expr","locations":[{"start":{"line":22,"column":14},"end":{"line":22,"column":33}},{"start":{"line":22,"column":37},"end":{"line":22,"column":41}}],"line":22},"4":{"loc":{"start":{"line":23,"column":19},"end":{"line":23,"column":51}},"type":"binary-expr","locations":[{"start":{"line":23,"column":19},"end":{"line":23,"column":43}},{"start":{"line":23,"column":47},"end":{"line":23,"column":51}}],"line":23},"5":{"loc":{"start":{"line":24,"column":12},"end":{"line":24,"column":37}},"type":"binary-expr","locations":[{"start":{"line":24,"column":12},"end":{"line":24,"column":29}},{"start":{"line":24,"column":33},"end":{"line":24,"column":37}}],"line":24},"6":{"loc":{"start":{"line":25,"column":17},"end":{"line":25,"column":47}},"type":"binary-expr","locations":[{"start":{"line":25,"column":17},"end":{"line":25,"column":39}},{"start":{"line":25,"column":43},"end":{"line":25,"column":47}}],"line":25},"7":{"loc":{"start":{"line":26,"column":15},"end":{"line":26,"column":54}},"type":"binary-expr","locations":[{"start":{"line":26,"column":15},"end":{"line":26,"column":48}},{"start":{"line":26,"column":52},"end":{"line":26,"column":54}}],"line":26},"8":{"loc":{"start":{"line":27,"column":16},"end":{"line":27,"column":46}},"type":"binary-expr","locations":[{"start":{"line":27,"column":16},"end":{"line":27,"column":41}},{"start":{"line":27,"column":45},"end":{"line":27,"column":46}}],"line":27},"9":{"loc":{"start":{"line":28,"column":12},"end":{"line":28,"column":38}},"type":"binary-expr","locations":[{"start":{"line":28,"column":12},"end":{"line":28,"column":30}},{"start":{"line":28,"column":34},"end":{"line":28,"column":38}}],"line":28}},"s":{"0":2,"1":7,"2":1,"3":6,"4":6,"5":6,"6":2,"7":4,"8":4,"9":16,"10":4,"11":16,"12":4,"13":2,"14":4,"15":4,"16":2,"17":2},"f":{"0":7,"1":16,"2":16,"3":4},"b":{"0":[1,6],"1":[7,7],"2":[2,4],"3":[4,1],"4":[4,1],"5":[4,1],"6":[4,1],"7":[4,1],"8":[4,1],"9":[4,1]},"_coverageSchema":"1a1c01bbd47fc00a2c39e90264f33305004495a9","hash":"fb75ae326f03151c9bbaf3a799fc0f1219792c17"}
}
