TN:
SF:server/apiCalls.js
FN:3,(anonymous_0)
FN:8,(anonymous_1)
FN:13,(anonymous_2)
FN:18,(anonymous_3)
FNF:4
FNH:4
FNDA:3,(anonymous_0)
FNDA:3,(anonymous_1)
FNDA:3,(anonymous_2)
FNDA:3,(anonymous_3)
DA:1,1
DA:3,3
DA:8,3
DA:13,3
DA:18,3
DA:23,1
DA:24,1
DA:25,1
DA:26,1
LF:9
LH:9
BRF:0
BRH:0
end_of_record
TN:
SF:server/app.js
FN:23,(anonymous_0)
FN:27,(anonymous_1)
FN:35,(anonymous_2)
FN:35,(anonymous_3)
FN:36,(anonymous_4)
FN:37,(anonymous_5)
FN:38,(anonymous_6)
FNF:7
FNH:7
FNDA:1,(anonymous_0)
FNDA:3,(anonymous_1)
FNDA:2,(anonymous_2)
FNDA:8,(anonymous_3)
FNDA:2,(anonymous_4)
FNDA:2,(anonymous_5)
FNDA:1,(anonymous_6)
DA:1,1
DA:2,1
DA:3,1
DA:4,1
DA:6,1
DA:8,1
DA:11,1
DA:12,1
DA:13,1
DA:16,1
DA:17,0
DA:19,1
DA:20,0
DA:23,1
DA:24,1
DA:27,1
DA:28,3
DA:29,3
DA:35,8
DA:36,2
DA:37,2
DA:38,1
DA:41,1
LF:23
LH:21
BRDA:16,0,0,0
BRDA:16,0,1,1
BRDA:19,1,0,0
BRDA:19,1,1,1
BRF:4
BRH:2
end_of_record
TN:
SF:server/productOverviewHelpers.js
FN:1,(anonymous_0)
FN:11,(anonymous_1)
FN:14,(anonymous_2)
FN:18,(anonymous_3)
FNF:4
FNH:4
FNDA:7,(anonymous_0)
FNDA:16,(anonymous_1)
FNDA:16,(anonymous_2)
FNDA:4,(anonymous_3)
DA:1,2
DA:2,7
DA:3,1
DA:5,6
DA:6,6
DA:7,6
DA:8,2
DA:10,4
DA:11,4
DA:12,16
DA:14,16
DA:15,4
DA:18,2
DA:19,4
DA:31,4
DA:34,2
DA:35,2
LF:17
LH:17
BRDA:2,0,0,1
BRDA:2,0,1,6
BRDA:2,1,0,7
BRDA:2,1,1,7
BRDA:7,2,0,2
BRDA:7,2,1,4
BRDA:22,3,0,4
BRDA:22,3,1,1
BRDA:23,4,0,4
BRDA:23,4,1,1
BRDA:24,5,0,4
BRDA:24,5,1,1
BRDA:25,6,0,4
BRDA:25,6,1,1
BRDA:26,7,0,4
BRDA:26,7,1,1
BRDA:27,8,0,4
BRDA:27,8,1,1
BRDA:28,9,0,4
BRDA:28,9,1,1
BRF:20
BRH:20
end_of_record
