TN:
SF:server/apiCalls.js
FN:3,(anonymous_0)
FN:8,(anonymous_1)
FN:13,(anonymous_2)
FN:18,(anonymous_3)
FN:23,(anonymous_4)
FN:28,(anonymous_5)
FN:41,(anonymous_6)
FN:48,(anonymous_7)
FN:55,(anonymous_8)
FN:62,(anonymous_9)
FN:68,(anonymous_10)
FN:78,(anonymous_11)
FN:82,(anonymous_12)
FN:88,(anonymous_13)
FN:98,(anonymous_14)
FNF:15
FNH:4
FNDA:3,(anonymous_0)
FNDA:3,(anonymous_1)
FNDA:3,(anonymous_2)
FNDA:3,(anonymous_3)
FNDA:0,(anonymous_4)
FNDA:0,(anonymous_5)
FNDA:0,(anonymous_6)
FNDA:0,(anonymous_7)
FNDA:0,(anonymous_8)
FNDA:0,(anonymous_9)
FNDA:0,(anonymous_10)
FNDA:0,(anonymous_11)
FNDA:0,(anonymous_12)
FNDA:0,(anonymous_13)
FNDA:0,(anonymous_14)
DA:1,1
DA:3,3
DA:8,3
DA:13,3
DA:18,3
DA:23,1
DA:28,1
DA:41,1
DA:48,1
DA:55,1
DA:62,1
DA:68,1
DA:78,0
DA:82,1
DA:88,1
DA:98,1
DA:104,1
DA:105,1
DA:106,1
DA:107,1
DA:108,1
DA:109,1
DA:110,1
DA:111,1
DA:112,1
DA:113,1
DA:114,1
DA:115,1
DA:116,1
DA:117,1
DA:118,1
DA:119,1
LF:32
LH:31
BRF:0
BRH:0
end_of_record
TN:
SF:server/app.js
FN:21,(anonymous_0)
FN:25,(anonymous_1)
FN:33,(anonymous_2)
FN:33,(anonymous_3)
FN:34,(anonymous_4)
FN:35,(anonymous_5)
FN:36,(anonymous_6)
FN:39,(anonymous_7)
FN:42,(anonymous_8)
FN:43,(anonymous_9)
FN:46,(anonymous_10)
FN:50,(anonymous_11)
FN:51,(anonymous_12)
FN:57,(anonymous_13)
FN:59,(anonymous_14)
FN:60,(anonymous_15)
FN:63,(anonymous_16)
FN:65,(anonymous_17)
FN:66,(anonymous_18)
FN:68,(anonymous_19)
FN:70,(anonymous_20)
FN:71,(anonymous_21)
FN:73,(anonymous_22)
FN:75,(anonymous_23)
FN:76,(anonymous_24)
FN:79,(anonymous_25)
FN:82,(anonymous_26)
FN:83,(anonymous_27)
FN:91,(anonymous_28)
FN:94,(anonymous_29)
FN:95,(anonymous_30)
FN:98,(anonymous_31)
FN:101,(anonymous_32)
FN:104,(anonymous_33)
FN:110,(anonymous_34)
FN:113,(anonymous_35)
FN:114,(anonymous_36)
FN:117,(anonymous_37)
FN:119,(anonymous_38)
FN:120,(anonymous_39)
FNF:40
FNH:7
FNDA:1,(anonymous_0)
FNDA:3,(anonymous_1)
FNDA:2,(anonymous_2)
FNDA:8,(anonymous_3)
FNDA:2,(anonymous_4)
FNDA:2,(anonymous_5)
FNDA:1,(anonymous_6)
FNDA:0,(anonymous_7)
FNDA:0,(anonymous_8)
FNDA:0,(anonymous_9)
FNDA:0,(anonymous_10)
FNDA:0,(anonymous_11)
FNDA:0,(anonymous_12)
FNDA:0,(anonymous_13)
FNDA:0,(anonymous_14)
FNDA:0,(anonymous_15)
FNDA:0,(anonymous_16)
FNDA:0,(anonymous_17)
FNDA:0,(anonymous_18)
FNDA:0,(anonymous_19)
FNDA:0,(anonymous_20)
FNDA:0,(anonymous_21)
FNDA:0,(anonymous_22)
FNDA:0,(anonymous_23)
FNDA:0,(anonymous_24)
FNDA:0,(anonymous_25)
FNDA:0,(anonymous_26)
FNDA:0,(anonymous_27)
FNDA:0,(anonymous_28)
FNDA:0,(anonymous_29)
FNDA:0,(anonymous_30)
FNDA:0,(anonymous_31)
FNDA:0,(anonymous_32)
FNDA:0,(anonymous_33)
FNDA:0,(anonymous_34)
FNDA:0,(anonymous_35)
FNDA:0,(anonymous_36)
FNDA:0,(anonymous_37)
FNDA:0,(anonymous_38)
FNDA:0,(anonymous_39)
DA:1,1
DA:2,1
DA:3,1
DA:4,1
DA:6,1
DA:8,1
DA:10,1
DA:11,1
DA:12,1
DA:14,1
DA:15,0
DA:17,1
DA:18,0
DA:21,1
DA:22,1
DA:25,1
DA:26,3
DA:27,3
DA:33,8
DA:34,2
DA:35,2
DA:36,1
DA:39,1
DA:40,0
DA:41,0
DA:42,0
DA:43,0
DA:46,1
DA:47,0
DA:49,0
DA:50,0
DA:52,0
DA:53,0
DA:57,1
DA:58,0
DA:59,0
DA:60,0
DA:63,1
DA:64,0
DA:65,0
DA:66,0
DA:68,1
DA:69,0
DA:70,0
DA:71,0
DA:73,1
DA:74,0
DA:75,0
DA:76,0
DA:79,1
DA:80,0
DA:81,0
DA:82,0
DA:84,0
DA:85,0
DA:91,1
DA:92,0
DA:93,0
DA:94,0
DA:95,0
DA:98,1
DA:99,0
DA:100,0
DA:102,0
DA:105,0
DA:106,0
DA:110,1
DA:111,0
DA:112,0
DA:113,0
DA:114,0
DA:117,1
DA:118,0
DA:119,0
DA:120,0
DA:123,1
LF:76
LH:32
BRDA:14,0,0,0
BRDA:14,0,1,1
BRDA:17,1,0,0
BRDA:17,1,1,1
BRDA:52,2,0,0
BRDA:52,2,1,0
BRDA:84,3,0,0
BRDA:84,3,1,0
BRF:8
BRH:2
end_of_record
TN:
SF:server/productOverviewHelpers.js
FN:1,(anonymous_0)
FN:11,(anonymous_1)
FN:14,(anonymous_2)
FN:18,(anonymous_3)
FNF:4
FNH:4
FNDA:7,(anonymous_0)
FNDA:18,(anonymous_1)
FNDA:18,(anonymous_2)
FNDA:4,(anonymous_3)
DA:1,2
DA:2,7
DA:3,1
DA:5,6
DA:6,6
DA:7,6
DA:8,2
DA:10,4
DA:11,4
DA:12,18
DA:14,18
DA:15,4
DA:18,4
DA:31,2
DA:32,2
LF:15
LH:15
BRDA:2,0,0,1
BRDA:2,0,1,6
BRDA:2,1,0,7
BRDA:2,1,1,7
BRDA:7,2,0,2
BRDA:7,2,1,4
BRDA:21,3,0,4
BRDA:21,3,1,1
BRDA:22,4,0,4
BRDA:22,4,1,1
BRDA:23,5,0,4
BRDA:23,5,1,1
BRDA:24,6,0,4
BRDA:24,6,1,1
BRDA:26,7,0,4
BRDA:26,7,1,0
BRDA:27,8,0,4
BRDA:27,8,1,1
BRDA:28,9,0,4
BRDA:28,9,1,1
BRF:20
BRH:19
end_of_record
TN:
SF:src/components/related-items-comparison/Modal.jsx
FN:7,(anonymous_0)
FN:11,(anonymous_1)
FN:46,(anonymous_2)
FNF:3
FNH:0
FNDA:0,(anonymous_0)
FNDA:0,(anonymous_1)
FNDA:0,(anonymous_2)
DA:7,1
DA:9,0
DA:11,0
DA:12,0
DA:13,0
DA:17,0
DA:46,0
LF:7
LH:1
BRF:0
BRH:0
end_of_record
TN:
SF:src/components/related-items-comparison/Outfit.jsx
FN:7,(anonymous_0)
FN:19,(anonymous_1)
FN:27,(anonymous_2)
FN:29,(anonymous_3)
FN:42,(anonymous_4)
FN:51,(anonymous_5)
FN:54,(anonymous_6)
FN:58,(anonymous_7)
FN:72,(anonymous_8)
FNF:9
FNH:0
FNDA:0,(anonymous_0)
FNDA:0,(anonymous_1)
FNDA:0,(anonymous_2)
FNDA:0,(anonymous_3)
FNDA:0,(anonymous_4)
FNDA:0,(anonymous_5)
FNDA:0,(anonymous_6)
FNDA:0,(anonymous_7)
FNDA:0,(anonymous_8)
DA:8,0
DA:10,0
DA:15,0
DA:20,0
DA:28,0
DA:29,0
DA:30,0
DA:31,0
DA:32,0
DA:44,0
DA:45,0
DA:51,0
DA:56,0
DA:58,0
DA:90,0
LF:15
LH:0
BRDA:30,0,0,0
BRDA:30,0,1,0
BRDA:44,1,0,0
BRDA:44,1,1,0
BRF:4
BRH:0
end_of_record
TN:
SF:src/components/related-items-comparison/ProductInformation.jsx
FN:5,(anonymous_0)
FN:8,(anonymous_1)
FN:20,(anonymous_2)
FNF:3
FNH:0
FNDA:0,(anonymous_0)
FNDA:0,(anonymous_1)
FNDA:0,(anonymous_2)
DA:5,1
DA:7,0
DA:8,0
LF:3
LH:1
BRF:0
BRH:0
end_of_record
TN:
SF:src/components/related-items-comparison/RelatedItem.jsx
FN:8,(anonymous_0)
FN:22,(anonymous_1)
FN:25,(anonymous_2)
FN:38,(anonymous_3)
FN:54,(anonymous_4)
FN:56,(anonymous_5)
FN:59,(anonymous_6)
FN:62,(anonymous_7)
FN:67,(anonymous_8)
FN:68,(anonymous_9)
FN:69,(anonymous_10)
FN:83,(anonymous_11)
FN:87,(anonymous_12)
FNF:13
FNH:5
FNDA:2,(anonymous_0)
FNDA:0,(anonymous_1)
FNDA:0,(anonymous_2)
FNDA:2,(anonymous_3)
FNDA:24,(anonymous_4)
FNDA:0,(anonymous_5)
FNDA:0,(anonymous_6)
FNDA:0,(anonymous_7)
FNDA:0,(anonymous_8)
FNDA:0,(anonymous_9)
FNDA:0,(anonymous_10)
FNDA:2,(anonymous_11)
FNDA:2,(anonymous_12)
DA:9,2
DA:10,2
DA:17,2
DA:18,2
DA:19,2
DA:23,0
DA:24,0
DA:25,0
DA:26,0
DA:27,0
DA:28,0
DA:29,0
DA:33,0
DA:39,2
DA:54,2
DA:55,24
DA:57,0
DA:60,0
DA:63,0
DA:68,0
DA:69,0
DA:70,0
DA:71,0
DA:84,2
DA:88,2
DA:89,2
DA:92,0
LF:27
LH:11
BRDA:27,0,0,0
BRDA:27,0,1,0
BRDA:70,1,0,0
BRDA:70,1,1,0
BRDA:88,2,0,2
BRDA:88,2,1,0
BRDA:94,3,0,0
BRDA:94,3,1,0
BRF:8
BRH:1
end_of_record
TN:
SF:src/components/related-items-comparison/RelatedProductCard.jsx
FN:10,(anonymous_0)
FN:30,(anonymous_1)
FN:37,(anonymous_2)
FN:43,(anonymous_3)
FN:48,(anonymous_4)
FN:60,(anonymous_5)
FN:72,(anonymous_6)
FN:88,(anonymous_7)
FN:118,(anonymous_8)
FN:127,(anonymous_9)
FN:133,(anonymous_10)
FN:137,(anonymous_11)
FN:150,(anonymous_12)
FN:182,(anonymous_13)
FNF:14
FNH:0
FNDA:0,(anonymous_0)
FNDA:0,(anonymous_1)
FNDA:0,(anonymous_2)
FNDA:0,(anonymous_3)
FNDA:0,(anonymous_4)
FNDA:0,(anonymous_5)
FNDA:0,(anonymous_6)
FNDA:0,(anonymous_7)
FNDA:0,(anonymous_8)
FNDA:0,(anonymous_9)
FNDA:0,(anonymous_10)
FNDA:0,(anonymous_11)
FNDA:0,(anonymous_12)
FNDA:0,(anonymous_13)
DA:11,0
DA:12,0
DA:21,0
DA:22,0
DA:23,0
DA:24,0
DA:25,0
DA:26,0
DA:31,0
DA:38,0
DA:45,0
DA:49,0
DA:50,0
DA:54,0
DA:61,0
DA:62,0
DA:66,0
DA:73,0
DA:74,0
DA:75,0
DA:79,0
DA:80,0
DA:81,0
DA:90,0
DA:120,0
DA:128,0
DA:133,0
DA:137,0
DA:182,0
LF:29
LH:0
BRDA:49,0,0,0
BRDA:49,0,1,0
BRDA:61,1,0,0
BRDA:61,1,1,0
BRDA:73,2,0,0
BRDA:73,2,1,0
BRDA:94,3,0,0
BRDA:94,3,1,0
BRDA:106,4,0,0
BRDA:106,4,1,0
BRDA:121,5,0,0
BRDA:121,5,1,0
BRDA:125,6,0,0
BRDA:125,6,1,0
BRDA:175,7,0,0
BRDA:175,7,1,0
BRDA:189,8,0,0
BRDA:189,8,1,0
BRF:18
BRH:0
end_of_record
TN:
SF:src/components/shared/StarRating.jsx
FN:19,(anonymous_0)
FN:24,(anonymous_1)
FN:38,(anonymous_2)
FN:46,(anonymous_3)
FN:47,(anonymous_4)
FN:48,(anonymous_5)
FN:59,(anonymous_6)
FN:60,(anonymous_7)
FN:61,(anonymous_8)
FN:70,(anonymous_9)
FN:71,(anonymous_10)
FN:72,(anonymous_11)
FNF:12
FNH:0
FNDA:0,(anonymous_0)
FNDA:0,(anonymous_1)
FNDA:0,(anonymous_2)
FNDA:0,(anonymous_3)
FNDA:0,(anonymous_4)
FNDA:0,(anonymous_5)
FNDA:0,(anonymous_6)
FNDA:0,(anonymous_7)
FNDA:0,(anonymous_8)
FNDA:0,(anonymous_9)
FNDA:0,(anonymous_10)
FNDA:0,(anonymous_11)
DA:19,1
DA:22,0
DA:23,0
DA:24,0
DA:25,0
DA:26,0
DA:28,0
DA:29,0
DA:31,0
DA:34,0
DA:36,0
DA:39,0
DA:40,0
DA:41,0
DA:46,0
DA:47,0
DA:48,0
DA:53,0
DA:54,0
DA:59,0
DA:60,0
DA:61,0
DA:65,0
DA:70,0
DA:71,0
DA:72,0
DA:80,1
DA:88,1
LF:28
LH:3
BRDA:25,0,0,0
BRDA:25,0,1,0
BRDA:28,1,0,0
BRDA:28,1,1,0
BRDA:28,2,0,0
BRDA:28,2,1,0
BRDA:40,3,0,0
BRDA:40,3,1,0
BRDA:43,4,0,0
BRDA:43,4,1,0
BRDA:46,5,0,0
BRDA:46,5,1,0
BRDA:47,6,0,0
BRDA:47,6,1,0
BRDA:53,7,0,0
BRDA:53,7,1,0
BRDA:56,8,0,0
BRDA:56,8,1,0
BRDA:59,9,0,0
BRDA:59,9,1,0
BRDA:60,10,0,0
BRDA:60,10,1,0
BRDA:67,11,0,0
BRDA:67,11,1,0
BRDA:70,12,0,0
BRDA:70,12,1,0
BRDA:71,13,0,0
BRDA:71,13,1,0
BRF:28
BRH:0
end_of_record
